[debug] [2021-10-27T04:51:06.547Z] ----------------------------------------------------------------------
[debug] [2021-10-27T04:51:06.550Z] Command:       C:\Program Files\nodejs\node.exe C:\Users\Sabalbarino Chua\AppData\Roaming\npm\node_modules\firebase-tools\lib\bin\firebase.js init
[debug] [2021-10-27T04:51:06.550Z] CLI Version:   9.21.0
[debug] [2021-10-27T04:51:06.551Z] Platform:      win32
[debug] [2021-10-27T04:51:06.551Z] Node Version:  v14.17.3
[debug] [2021-10-27T04:51:06.552Z] Time:          Wed Oct 27 2021 12:51:06 GMT+0800 (China Standard Time)
[debug] [2021-10-27T04:51:06.552Z] ----------------------------------------------------------------------
[debug] 
[debug] [2021-10-27T04:51:06.637Z] > command requires scopes: ["email","openid","https://www.googleapis.com/auth/cloudplatformprojects.readonly","https://www.googleapis.com/auth/firebase","https://www.googleapis.com/auth/cloud-platform"]
[debug] [2021-10-27T04:51:06.637Z] > authorizing via signed-in user (carlwilliamchua@gmail.com)
[info] 
     ######## #### ########  ######## ########     ###     ######  ########
     ##        ##  ##     ## ##       ##     ##  ##   ##  ##       ##
     ######    ##  ########  ######   ########  #########  ######  ######
     ##        ##  ##    ##  ##       ##     ## ##     ##       ## ##
     ##       #### ##     ## ######## ########  ##     ##  ######  ########

You're about to initialize a Firebase project in this directory:

  C:\Users\Sabalbarino Chua\Desktop\IT Works\4th year 1st sem\Capstone 2\Project\Project\back-end-irm

Before we get started, keep in mind:

  * You are initializing within an existing Firebase project directory

[info] 
=== Project Setup
[info] 
[info] First, let's associate this project directory with a Firebase project.
[info] You can create multiple project aliases by running firebase use --add, 
[info] but for now we'll just set up a default project.
[info] 
[info] i  .firebaserc already has a default project, using ireportmo-54a78. 
[debug] [2021-10-27T04:51:40.781Z] >>> [apiv2][query] GET https://firebase.googleapis.com/v1beta1/projects/ireportmo-54a78 [none]
[debug] [2021-10-27T04:51:41.278Z] <<< [apiv2][status] GET https://firebase.googleapis.com/v1beta1/projects/ireportmo-54a78 200
[debug] [2021-10-27T04:51:41.278Z] <<< [apiv2][body] GET https://firebase.googleapis.com/v1beta1/projects/ireportmo-54a78 {"projectId":"ireportmo-54a78","projectNumber":"837448916300","displayName":"iReportMo","name":"projects/ireportmo-54a78","resources":{"hostingSite":"ireportmo-54a78","storageBucket":"ireportmo-54a78.appspot.com","locationId":"asia-southeast1"},"state":"ACTIVE"}
[info] 
=== Hosting Setup
[info] 
[info] Your public directory is the folder (relative to your project directory) that
[info] will contain Hosting assets to be uploaded with firebase deploy. If you
[info] have a build process for your assets, use your build's output directory.
[info] 
[debug] [2021-10-27T04:51:48.426Z] >>> [apiv2][query] GET https://www.gstatic.com/firebasejs/releases.json [none]
[debug] [2021-10-27T04:51:48.567Z] <<< [apiv2][status] GET https://www.gstatic.com/firebasejs/releases.json 200
[debug] [2021-10-27T04:51:48.568Z] <<< [apiv2][body] GET https://www.gstatic.com/firebasejs/releases.json {"current":{"version":"9.1.3","browserURL":"https://www.gstatic.com/firebasejs/9.1.3/firebase.js","packageURL":"https://www.gstatic.com/firebasejs/9.1.3/firebase.tgz"},"live":{"version":"9.1","browserURL":"https://www.gstatic.com/firebasejs/live/9.1/firebase.js","packageURL":"https://www.gstatic.com/firebasejs/live/9.1/firebase.tgz"},"components":{"analytics":"https://www.gstatic.com/firebasejs/9.1.3/firebase-analytics.js","app":"https://www.gstatic.com/firebasejs/9.1.3/firebase-app.js","app-check":"https://www.gstatic.com/firebasejs/9.1.3/firebase-app-check.js","auth":"https://www.gstatic.com/firebasejs/9.1.3/firebase-auth.js","auth/cordova":"https://www.gstatic.com/firebasejs/9.1.3/firebase-auth/cordova.js","auth/react-native":"https://www.gstatic.com/firebasejs/9.1.3/firebase-auth/react-native.js","functions":"https://www.gstatic.com/firebasejs/9.1.3/firebase-functions.js","firestore":"https://www.gstatic.com/firebasejs/9.1.3/firebase-firestore.js","firestore/lite":"https://www.gstatic.com/firebasejs/9.1.3/firebase-firestore/lite.js","storage":"https://www.gstatic.com/firebasejs/9.1.3/firebase-storage.js","performance":"https://www.gstatic.com/firebasejs/9.1.3/firebase-performance.js","remote-config":"https://www.gstatic.com/firebasejs/9.1.3/firebase-remote-config.js","messaging":"https://www.gstatic.com/firebasejs/9.1.3/firebase-messaging.js","messaging/sw":"https://www.gstatic.com/firebasejs/9.1.3/firebase-messaging/sw.js","database":"https://www.gstatic.com/firebasejs/9.1.3/firebase-database.js","firestore.memory":"https://www.gstatic.com/firebasejs/9.1.3/firebase-firestore.memory.js"}}
[info] +  Wrote build/index.html 
[info] 
=== Hosting:github Setup
[info] 
[info] i  Detected a .git folder at C:\Users\Sabalbarino Chua\Desktop\IT Works\4th year 1st sem\Capstone 2\Project\Project\back-end-irm 
[info] i  Authorizing with GitHub to upload your service account to a GitHub repository's secrets store. 
[info] 
[info] Visit this URL on this device to log in:
[info] https://github.com/login/oauth/authorize?client_id=89cf50f02ac6aaed3484&state=844492380&redirect_uri=http%3A%2F%2Flocalhost%3A9005&scope=read%3Auser%20repo%20public_repo
[info] 
[info] Waiting for authentication...
[debug] [2021-10-27T04:53:17.572Z] >>> HTTP REQUEST POST https://github.com/login/oauth/access_token  
 {"client_id":"89cf50f02ac6aaed3484","client_secret":"3330d14abc895d9a74d5f17cd7a00711fa2c5bf0","code":"b10d3d67f1d5db6c4e7f","redirect_uri":"http://localhost:9005","state":"844492380"}
[debug] [2021-10-27T04:53:18.010Z] <<< HTTP RESPONSE 200 {"server":"GitHub.com","date":"Wed, 27 Oct 2021 04:53:19 GMT","content-type":"application/json; charset=utf-8","transfer-encoding":"chunked","vary":"X-PJAX, X-PJAX-Container, Accept-Encoding, Accept, X-Requested-With","permissions-policy":"interest-cohort=()","etag":"W/\"990a4c53286ad4f2f3fef9d47ebb6995\"","cache-control":"max-age=0, private, must-revalidate","strict-transport-security":"max-age=31536000; includeSubdomains; preload","x-frame-options":"deny","x-content-type-options":"nosniff","x-xss-protection":"0","referrer-policy":"origin-when-cross-origin, strict-origin-when-cross-origin","expect-ct":"max-age=2592000, report-uri=\"https://api.github.com/_private/browser/errors\"","content-security-policy":"default-src 'none'; base-uri 'self'; block-all-mixed-content; child-src github.com/assets-cdn/worker/ gist.github.com/assets-cdn/worker/; connect-src 'self' uploads.github.com objects-origin.githubusercontent.com www.githubstatus.com collector.githubapp.com api.github.com github-cloud.s3.amazonaws.com github-production-repository-file-5c1aeb.s3.amazonaws.com github-production-upload-manifest-file-7fdce7.s3.amazonaws.com github-production-user-asset-6210df.s3.amazonaws.com cdn.optimizely.com logx.optimizely.com/v1/events translator.github.com wss://alive.github.com; font-src github.githubassets.com; form-action 'self' github.com gist.github.com objects-origin.githubusercontent.com; frame-ancestors 'none'; frame-src render.githubusercontent.com viewscreen.githubusercontent.com notebooks.githubusercontent.com; img-src 'self' data: github.githubassets.com identicons.github.com collector.githubapp.com github-cloud.s3.amazonaws.com secured-user-images.githubusercontent.com/ *.githubusercontent.com; manifest-src 'self'; media-src github.com user-images.githubusercontent.com/; script-src github.githubassets.com; style-src 'unsafe-inline' github.githubassets.com; worker-src github.com/assets-cdn/worker/ gist.github.com/assets-cdn/worker/","x-github-request-id":"6EF0:61E0:5228D0:6649DD:6178DB3F"}
[debug] [2021-10-27T04:53:18.062Z] >>> [apiv2][query] GET https://api.github.com/user [none]
[debug] [2021-10-27T04:53:19.352Z] <<< [apiv2][status] GET https://api.github.com/user 200
[debug] [2021-10-27T04:53:19.352Z] <<< [apiv2][body] GET https://api.github.com/user {"login":"lontokkayo","id":76143213,"node_id":"MDQ6VXNlcjc2MTQzMjEz","avatar_url":"https://avatars.githubusercontent.com/u/76143213?v=4","gravatar_id":"","url":"https://api.github.com/users/lontokkayo","html_url":"https://github.com/lontokkayo","followers_url":"https://api.github.com/users/lontokkayo/followers","following_url":"https://api.github.com/users/lontokkayo/following{/other_user}","gists_url":"https://api.github.com/users/lontokkayo/gists{/gist_id}","starred_url":"https://api.github.com/users/lontokkayo/starred{/owner}{/repo}","subscriptions_url":"https://api.github.com/users/lontokkayo/subscriptions","organizations_url":"https://api.github.com/users/lontokkayo/orgs","repos_url":"https://api.github.com/users/lontokkayo/repos","events_url":"https://api.github.com/users/lontokkayo/events{/privacy}","received_events_url":"https://api.github.com/users/lontokkayo/received_events","type":"User","site_admin":false,"name":null,"company":null,"blog":"","location":null,"email":null,"hireable":null,"bio":null,"twitter_username":null,"public_repos":0,"public_gists":0,"followers":0,"following":0,"created_at":"2020-12-17T04:04:32Z","updated_at":"2020-12-20T03:46:49Z","private_gists":0,"total_private_repos":0,"owned_private_repos":0,"disk_usage":0,"collaborators":0,"two_factor_authentication":false,"plan":{"name":"free","space":976562499,"collaborators":0,"private_repos":10000}}
[info] 
[info] +  Success! Logged into GitHub as lontokkayo 
[info] 
[debug] [2021-10-27T04:53:38.610Z] >>> [apiv2][query] GET https://api.github.com/repos/build/actions/secrets/public-key type=owner
[debug] [2021-10-27T04:53:38.994Z] <<< [apiv2][status] GET https://api.github.com/repos/build/actions/secrets/public-key 404
[debug] [2021-10-27T04:53:38.994Z] <<< [apiv2][body] GET https://api.github.com/repos/build/actions/secrets/public-key {"message":"Not Found","documentation_url":"https://docs.github.com/rest"}
[debug] [2021-10-27T04:53:43.472Z] >>> [apiv2][query] GET https://api.github.com/repos//actions/secrets/public-key type=owner
[debug] [2021-10-27T04:53:43.844Z] <<< [apiv2][status] GET https://api.github.com/repos//actions/secrets/public-key 404
[debug] [2021-10-27T04:53:43.844Z] <<< [apiv2][body] GET https://api.github.com/repos//actions/secrets/public-key {"message":"Not Found","documentation_url":"https://docs.github.com/rest"}
[debug] [2021-10-27T04:53:45.408Z] >>> [apiv2][query] GET https://api.github.com/repos///actions/secrets/public-key type=owner
[debug] [2021-10-27T04:53:45.777Z] <<< [apiv2][status] GET https://api.github.com/repos///actions/secrets/public-key 404
[debug] [2021-10-27T04:53:45.777Z] <<< [apiv2][body] GET https://api.github.com/repos///actions/secrets/public-key {"message":"Not Found","documentation_url":"https://docs.github.com/rest"}
[debug] [2021-10-27T04:54:21.552Z] >>> [apiv2][query] GET https://api.github.com/repos/lontokkayo/actions/secrets/public-key type=owner
[debug] [2021-10-27T04:54:21.936Z] <<< [apiv2][status] GET https://api.github.com/repos/lontokkayo/actions/secrets/public-key 404
[debug] [2021-10-27T04:54:21.937Z] <<< [apiv2][body] GET https://api.github.com/repos/lontokkayo/actions/secrets/public-key {"message":"Not Found","documentation_url":"https://docs.github.com/rest"}
